*** Using Compiler 'V5.06 update 6 (build 750)', folder: 'D:\_Keil5\ARM\ARMCC\Bin'
Build target 'PP01_BLE_HAL'
assembling startup_stm32f103xe.s...
compiling gpio.c...
compiling main.c...
compiling stm32f1xx_it.c...
compiling stm32f1xx_hal_tim_ex.c...
compiling stm32f1xx_hal.c...
compiling usart.c...
compiling stm32f1xx_hal_msp.c...
compiling stm32f1xx_hal_tim.c...
compiling stm32f1xx_hal_gpio_ex.c...
compiling stm32f1xx_hal_rcc.c...
compiling stm32f1xx_hal_uart.c...
compiling system_stm32f1xx.c...
compiling Int_BLE.c...
compiling stm32f1xx_hal_flash.c...
compiling stm32f1xx_hal_cortex.c...
compiling stm32f1xx_hal_rcc_ex.c...
compiling stm32f1xx_hal_gpio.c...
compiling stm32f1xx_hal_flash_ex.c...
compiling stm32f1xx_hal_dma.c...
compiling stm32f1xx_hal_pwr.c...
compiling stm32f1xx_hal_exti.c...
linking...
Program Size: Code=5652 RO-data=380 RW-data=24 ZI-data=1296  
FromELF: creating hex file...
"PP01_BLE_HAL\PP01_BLE_HAL.axf" - 0 Error(s), 0 Warning(s).
Build Time Elapsed:  00:00:08
